<?xml version="1.0" encoding="UTF-8" standalone="yes" ?>
<test-results name="D:\Projects\DevMax\Tests\ViewItem\Win32\Debug\TestViewItem.exe" total="3" errors="0" failures="0" ignored="0" inconclusive="0" not-run="0" skipped="0" invalid="0" date="2017-07-11" time="0.324">
  <culture-info current-culture="en" current-uiculture="en" />
  <test-suite type="Assembly" name="TestViewItem.exe" executed="true" result="Success" success="True" time="0.324" asserts="0">
    <results>
        <test-suite type="Namespace" name="ViewManagerTest" executed="true" result="Success" success="True" time="0.324" asserts="0" >
          <results>
              <test-suite type="Fixture" name="TTestViewManager" executed="True" result="Success" success="True" time="0.324" >
                <results>
                  <test-case name="TestGetManifestData" executed="True" result="Success" success="True" time="0.006" asserts="0" />
                </results>
              </test-suite>
          </results>
        </test-suite>
        <test-suite type="Namespace" name="ViewItemBasicTest" executed="true" result="Success" success="True" time="0.017" asserts="0" >
          <results>
              <test-suite type="Fixture" name="TTestViewItemBasic" executed="True" result="Success" success="True" time="0.017" >
                <results>
                  <test-case name="TestCreateViewItem.ToolbarRightButton" executed="True" result="Success" success="True" time="0.000" asserts="0" />
                  <test-case name="TestContainerViewItem" executed="True" result="Success" success="True" time="0.001" asserts="0" />
                </results>
              </test-suite>
          </results>
        </test-suite>
    </results>
  </test-suite>
</test-results>
